Arguments: 
  /Users/hb-2559/.nvm/versions/node/v19.7.0/bin/node /opt/homebrew/Cellar/yarn/1.22.19/libexec/bin/yarn.js

PATH: 
  /Users/hb-2559/.nvm/versions/node/v19.7.0/bin:/Users/hb-2559/.nvm/versions/node/v16.19.1/bin:/Library/Frameworks/Python.framework/Versions/3.11/bin:/opt/homebrew/bin:/opt/homebrew/sbin:/usr/local/bin:/System/Cryptexes/App/usr/bin:/usr/bin:/bin:/usr/sbin:/sbin:/Users/hb-2559/.nvm/versions/node/v16.19.1/bin:/Library/Frameworks/Python.framework/Versions/3.11/bin:/opt/homebrew/bin:/opt/homebrew/sbin

Yarn version: 
  1.22.19

Node version: 
  19.7.0

Platform: 
  darwin arm64

Trace: 
  Error: getaddrinfo ENOTFOUND registry.yarnpkg.com
      at GetAddrInfoReqWrap.onlookup [as oncomplete] (node:dns:107:26)

npm manifest: 
  {
    "name": "iamsurajmandal",
    "version": "1.0.0",
    "private": true,
    "description": "iamsurajmandal",
    "author": "Suraj Mandal",
    "keywords": [
      "gatsby"
    ],
    "scripts": {
      "develop": "gatsby develop",
      "start": "gatsby develop",
      "build": "gatsby build",
      "serve": "gatsby serve",
      "clean": "gatsby clean",
      "typecheck": "tsc --noEmit"
    },
    "dependencies": {
      "babel-plugin-styled-components": "^2.1.1",
      "gatsby": "^5.9.1",
      "gatsby-plugin-netlify-cms": "^7.9.0",
      "gatsby-plugin-styled-components": "^6.9.0",
      "netlify-cms-app": "^2.15.72",
      "react": "^18.2.0",
      "react-dom": "^18.2.0",
      "styled-components": "^6.0.0-rc.1"
    },
    "devDependencies": {
      "@types/node": "^18.16.5",
      "@types/react": "^18.2.5",
      "@types/react-dom": "^18.2.4",
      "typescript": "^5.0.4"
    }
  }

yarn manifest: 
  No manifest

Lockfile: 
  No lockfile
